2025-12-05T20:30:24.611624Z  INFO tailwindcss_oxide::scanner: Provided sources:
2025-12-05T20:30:24.611714Z  INFO tailwindcss_oxide::scanner: Source: PublicSourceEntry { base: "E:\\kabadiwala", pattern: "**/*", negated: false }
2025-12-05T20:30:24.612517Z  INFO tailwindcss_oxide::scanner: Optimized sources:
2025-12-05T20:30:24.612533Z  INFO tailwindcss_oxide::scanner: Source: Auto { base: "E:\\kabadiwala" }
2025-12-05T20:30:24.613906Z  INFO scan_sources: tailwindcss_oxide::scanner: enter
2025-12-05T20:30:24.614797Z  INFO scan_sources: tailwindcss_oxide::scanner: Discovering "E:\\kabadiwala\\components.json"
2025-12-05T20:30:24.614863Z  INFO scan_sources: tailwindcss_oxide::scanner: Discovering "E:\\kabadiwala\\create_env.js"
2025-12-05T20:30:24.615145Z  INFO scan_sources: tailwindcss_oxide::scanner: Discovering "E:\\kabadiwala\\eslint.config.mjs"
2025-12-05T20:30:24.615201Z  INFO scan_sources: tailwindcss_oxide::scanner: Discovering "E:\\kabadiwala\\next.config.ts"
2025-12-05T20:30:24.615398Z  INFO scan_sources: tailwindcss_oxide::scanner: Discovering "E:\\kabadiwala\\package.json"
2025-12-05T20:30:24.615443Z  INFO scan_sources: tailwindcss_oxide::scanner: Discovering "E:\\kabadiwala\\postcss.config.mjs"
2025-12-05T20:30:24.615507Z  INFO scan_sources: tailwindcss_oxide::scanner: Discovering "E:\\kabadiwala\\prisma"
2025-12-05T20:30:24.615604Z  INFO scan_sources: tailwindcss_oxide::scanner: Discovering "E:\\kabadiwala\\prisma\\schema.prisma"
2025-12-05T20:30:24.615647Z  INFO scan_sources: tailwindcss_oxide::scanner: Discovering "E:\\kabadiwala\\prisma\\seed.ts"
2025-12-05T20:30:24.615725Z  INFO scan_sources: tailwindcss_oxide::scanner: Discovering "E:\\kabadiwala\\public"
2025-12-05T20:30:24.615811Z  INFO scan_sources: tailwindcss_oxide::scanner: Discovering "E:\\kabadiwala\\public\\file.svg"
2025-12-05T20:30:24.615852Z  INFO scan_sources: tailwindcss_oxide::scanner: Discovering "E:\\kabadiwala\\public\\globe.svg"
2025-12-05T20:30:24.615893Z  INFO scan_sources: tailwindcss_oxide::scanner: Discovering "E:\\kabadiwala\\public\\manifest.json"
2025-12-05T20:30:24.615940Z  INFO scan_sources: tailwindcss_oxide::scanner: Discovering "E:\\kabadiwala\\public\\next.svg"
2025-12-05T20:30:24.615983Z  INFO scan_sources: tailwindcss_oxide::scanner: Discovering "E:\\kabadiwala\\public\\vercel.svg"
2025-12-05T20:30:24.616024Z  INFO scan_sources: tailwindcss_oxide::scanner: Discovering "E:\\kabadiwala\\public\\window.svg"
2025-12-05T20:30:24.616080Z  INFO scan_sources: tailwindcss_oxide::scanner: Discovering "E:\\kabadiwala\\README.md"
2025-12-05T20:30:24.616120Z  INFO scan_sources: tailwindcss_oxide::scanner: Discovering "E:\\kabadiwala\\seed.ts"
2025-12-05T20:30:24.616184Z  INFO scan_sources: tailwindcss_oxide::scanner: Discovering "E:\\kabadiwala\\src"
2025-12-05T20:30:24.616290Z  INFO scan_sources: tailwindcss_oxide::scanner: Discovering "E:\\kabadiwala\\src\\app"
2025-12-05T20:30:24.616394Z  INFO scan_sources: tailwindcss_oxide::scanner: Discovering "E:\\kabadiwala\\src\\app\\api"
2025-12-05T20:30:24.616498Z  INFO scan_sources: tailwindcss_oxide::scanner: Discovering "E:\\kabadiwala\\src\\app\\api\\auth"
2025-12-05T20:30:24.616599Z  INFO scan_sources: tailwindcss_oxide::scanner: Discovering "E:\\kabadiwala\\src\\app\\api\\auth\\login"
2025-12-05T20:30:24.616679Z  INFO scan_sources: tailwindcss_oxide::scanner: Discovering "E:\\kabadiwala\\src\\app\\api\\auth\\login\\route.ts"
2025-12-05T20:30:24.616781Z  INFO scan_sources: tailwindcss_oxide::scanner: Discovering "E:\\kabadiwala\\src\\app\\api\\auth\\register"
2025-12-05T20:30:24.616899Z  INFO scan_sources: tailwindcss_oxide::scanner: Discovering "E:\\kabadiwala\\src\\app\\api\\auth\\register\\route.ts"
2025-12-05T20:30:24.617012Z  INFO scan_sources: tailwindcss_oxide::scanner: Discovering "E:\\kabadiwala\\src\\app\\api\\auth\\[...nextauth]"
2025-12-05T20:30:24.617110Z  INFO scan_sources: tailwindcss_oxide::scanner: Discovering "E:\\kabadiwala\\src\\app\\api\\auth\\[...nextauth]\\route.ts"
2025-12-05T20:30:24.617197Z  INFO scan_sources: tailwindcss_oxide::scanner: Discovering "E:\\kabadiwala\\src\\app\\api\\chat"
2025-12-05T20:30:24.617334Z  INFO scan_sources: tailwindcss_oxide::scanner: Discovering "E:\\kabadiwala\\src\\app\\api\\chat\\report"
2025-12-05T20:30:24.617418Z  INFO scan_sources: tailwindcss_oxide::scanner: Discovering "E:\\kabadiwala\\src\\app\\api\\chat\\report\\route.ts"
2025-12-05T20:30:24.617493Z  INFO scan_sources: tailwindcss_oxide::scanner: Discovering "E:\\kabadiwala\\src\\app\\api\\chat\\[id]"
2025-12-05T20:30:24.617594Z  INFO scan_sources: tailwindcss_oxide::scanner: Discovering "E:\\kabadiwala\\src\\app\\api\\chat\\[id]\\read"
2025-12-05T20:30:24.617677Z  INFO scan_sources: tailwindcss_oxide::scanner: Discovering "E:\\kabadiwala\\src\\app\\api\\chat\\[id]\\read\\route.ts"
2025-12-05T20:30:24.617731Z  INFO scan_sources: tailwindcss_oxide::scanner: Discovering "E:\\kabadiwala\\src\\app\\api\\chat\\[id]\\route.ts"
2025-12-05T20:30:24.617834Z  INFO scan_sources: tailwindcss_oxide::scanner: Discovering "E:\\kabadiwala\\src\\app\\api\\kabadiwala"
2025-12-05T20:30:24.617970Z  INFO scan_sources: tailwindcss_oxide::scanner: Discovering "E:\\kabadiwala\\src\\app\\api\\kabadiwala\\profile"
2025-12-05T20:30:24.618055Z  INFO scan_sources: tailwindcss_oxide::scanner: Discovering "E:\\kabadiwala\\src\\app\\api\\kabadiwala\\profile\\route.ts"
2025-12-05T20:30:24.618130Z  INFO scan_sources: tailwindcss_oxide::scanner: Discovering "E:\\kabadiwala\\src\\app\\api\\kabadiwala\\[id]"
2025-12-05T20:30:24.618212Z  INFO scan_sources: tailwindcss_oxide::scanner: Discovering "E:\\kabadiwala\\src\\app\\api\\kabadiwala\\[id]\\route.ts"
2025-12-05T20:30:24.618299Z  INFO scan_sources: tailwindcss_oxide::scanner: Discovering "E:\\kabadiwala\\src\\app\\api\\orders"
2025-12-05T20:30:24.618377Z  INFO scan_sources: tailwindcss_oxide::scanner: Discovering "E:\\kabadiwala\\src\\app\\api\\orders\\route.ts"
2025-12-05T20:30:24.618451Z  INFO scan_sources: tailwindcss_oxide::scanner: Discovering "E:\\kabadiwala\\src\\app\\api\\profile"
2025-12-05T20:30:24.618552Z  INFO scan_sources: tailwindcss_oxide::scanner: Discovering "E:\\kabadiwala\\src\\app\\api\\profile\\addresses"
2025-12-05T20:30:24.618631Z  INFO scan_sources: tailwindcss_oxide::scanner: Discovering "E:\\kabadiwala\\src\\app\\api\\profile\\addresses\\route.ts"
2025-12-05T20:30:24.618693Z  INFO scan_sources: tailwindcss_oxide::scanner: Discovering "E:\\kabadiwala\\src\\app\\api\\profile\\addresses\\[id]"
2025-12-05T20:30:24.618805Z  INFO scan_sources: tailwindcss_oxide::scanner: Discovering "E:\\kabadiwala\\src\\app\\api\\profile\\addresses\\[id]\\default"
2025-12-05T20:30:24.618896Z  INFO scan_sources: tailwindcss_oxide::scanner: Discovering "E:\\kabadiwala\\src\\app\\api\\profile\\addresses\\[id]\\default\\route.ts"
2025-12-05T20:30:24.618949Z  INFO scan_sources: tailwindcss_oxide::scanner: Discovering "E:\\kabadiwala\\src\\app\\api\\profile\\addresses\\[id]\\route.ts"
2025-12-05T20:30:24.619036Z  INFO scan_sources: tailwindcss_oxide::scanner: Discovering "E:\\kabadiwala\\src\\app\\api\\profile\\favorites"
2025-12-05T20:30:24.619142Z  INFO scan_sources: tailwindcss_oxide::scanner: Discovering "E:\\kabadiwala\\src\\app\\api\\profile\\favorites\\[id]"
2025-12-05T20:30:24.619351Z  INFO scan_sources: tailwindcss_oxide::scanner: Discovering "E:\\kabadiwala\\src\\app\\api\\profile\\favorites\\[id]\\route.ts"
2025-12-05T20:30:24.619455Z  INFO scan_sources: tailwindcss_oxide::scanner: Discovering "E:\\kabadiwala\\src\\app\\api\\profile\\route.ts"
2025-12-05T20:30:24.619550Z  INFO scan_sources: tailwindcss_oxide::scanner: Discovering "E:\\kabadiwala\\src\\app\\api\\reviews"
2025-12-05T20:30:24.619675Z  INFO scan_sources: tailwindcss_oxide::scanner: Discovering "E:\\kabadiwala\\src\\app\\api\\reviews\\[orderId]"
2025-12-05T20:30:24.619763Z  INFO scan_sources: tailwindcss_oxide::scanner: Discovering "E:\\kabadiwala\\src\\app\\api\\reviews\\[orderId]\\route.ts"
2025-12-05T20:30:24.619878Z  INFO scan_sources: tailwindcss_oxide::scanner: Discovering "E:\\kabadiwala\\src\\app\\book"
2025-12-05T20:30:24.619986Z  INFO scan_sources: tailwindcss_oxide::scanner: Discovering "E:\\kabadiwala\\src\\app\\book\\[kabadiwalaId]"
2025-12-05T20:30:24.620131Z  INFO scan_sources: tailwindcss_oxide::scanner: Discovering "E:\\kabadiwala\\src\\app\\book\\[kabadiwalaId]\\page.tsx"
2025-12-05T20:30:24.620229Z  INFO scan_sources: tailwindcss_oxide::scanner: Discovering "E:\\kabadiwala\\src\\app\\chat"
2025-12-05T20:30:24.620314Z  INFO scan_sources: tailwindcss_oxide::scanner: Discovering "E:\\kabadiwala\\src\\app\\chat\\page.tsx"
2025-12-05T20:30:24.620392Z  INFO scan_sources: tailwindcss_oxide::scanner: Discovering "E:\\kabadiwala\\src\\app\\chat\\[id]"
2025-12-05T20:30:24.620673Z  INFO scan_sources: tailwindcss_oxide::scanner: Discovering "E:\\kabadiwala\\src\\app\\chat\\[id]\\page.tsx"
2025-12-05T20:30:24.620783Z  INFO scan_sources: tailwindcss_oxide::scanner: Discovering "E:\\kabadiwala\\src\\app\\dashboard"
2025-12-05T20:30:24.620870Z  INFO scan_sources: tailwindcss_oxide::scanner: Discovering "E:\\kabadiwala\\src\\app\\dashboard\\page.tsx"
2025-12-05T20:30:24.620934Z  INFO scan_sources: tailwindcss_oxide::scanner: Discovering "E:\\kabadiwala\\src\\app\\globals.css"
2025-12-05T20:30:24.620998Z  INFO scan_sources: tailwindcss_oxide::scanner: Discovering "E:\\kabadiwala\\src\\app\\kabadiwala"
2025-12-05T20:30:24.621200Z  INFO scan_sources: tailwindcss_oxide::scanner: Discovering "E:\\kabadiwala\\src\\app\\kabadiwala\\dashboard"
2025-12-05T20:30:24.621434Z  INFO scan_sources: tailwindcss_oxide::scanner: Discovering "E:\\kabadiwala\\src\\app\\kabadiwala\\dashboard\\page.tsx"
2025-12-05T20:30:24.621576Z  INFO scan_sources: tailwindcss_oxide::scanner: Discovering "E:\\kabadiwala\\src\\app\\kabadiwala\\profile"
2025-12-05T20:30:24.621703Z  INFO scan_sources: tailwindcss_oxide::scanner: Discovering "E:\\kabadiwala\\src\\app\\kabadiwala\\profile\\page.tsx"
2025-12-05T20:30:24.621785Z  INFO scan_sources: tailwindcss_oxide::scanner: Discovering "E:\\kabadiwala\\src\\app\\layout.tsx"
2025-12-05T20:30:24.621861Z  INFO scan_sources: tailwindcss_oxide::scanner: Discovering "E:\\kabadiwala\\src\\app\\login"
2025-12-05T20:30:24.621961Z  INFO scan_sources: tailwindcss_oxide::scanner: Discovering "E:\\kabadiwala\\src\\app\\login\\page.tsx"
2025-12-05T20:30:24.622041Z  INFO scan_sources: tailwindcss_oxide::scanner: Discovering "E:\\kabadiwala\\src\\app\\market"
2025-12-05T20:30:24.622131Z  INFO scan_sources: tailwindcss_oxide::scanner: Discovering "E:\\kabadiwala\\src\\app\\market\\page.tsx"
2025-12-05T20:30:24.622184Z  INFO scan_sources: tailwindcss_oxide::scanner: Discovering "E:\\kabadiwala\\src\\app\\page.tsx"
2025-12-05T20:30:24.622251Z  INFO scan_sources: tailwindcss_oxide::scanner: Discovering "E:\\kabadiwala\\src\\app\\profile"
2025-12-05T20:30:24.622332Z  INFO scan_sources: tailwindcss_oxide::scanner: Discovering "E:\\kabadiwala\\src\\app\\profile\\page.tsx"
2025-12-05T20:30:24.622409Z  INFO scan_sources: tailwindcss_oxide::scanner: Discovering "E:\\kabadiwala\\src\\app\\register"
2025-12-05T20:30:24.622503Z  INFO scan_sources: tailwindcss_oxide::scanner: Discovering "E:\\kabadiwala\\src\\app\\register\\page.tsx"
2025-12-05T20:30:24.622583Z  INFO scan_sources: tailwindcss_oxide::scanner: Discovering "E:\\kabadiwala\\src\\app\\reviews"
2025-12-05T20:30:24.622703Z  INFO scan_sources: tailwindcss_oxide::scanner: Discovering "E:\\kabadiwala\\src\\app\\reviews\\[orderId]"
2025-12-05T20:30:24.622787Z  INFO scan_sources: tailwindcss_oxide::scanner: Discovering "E:\\kabadiwala\\src\\app\\reviews\\[orderId]\\page.tsx"
2025-12-05T20:30:24.622866Z  INFO scan_sources: tailwindcss_oxide::scanner: Discovering "E:\\kabadiwala\\src\\auth.config.ts"
2025-12-05T20:30:24.622909Z  INFO scan_sources: tailwindcss_oxide::scanner: Discovering "E:\\kabadiwala\\src\\auth.ts"
2025-12-05T20:30:24.622974Z  INFO scan_sources: tailwindcss_oxide::scanner: Discovering "E:\\kabadiwala\\src\\components"
2025-12-05T20:30:24.623058Z  INFO scan_sources: tailwindcss_oxide::scanner: Discovering "E:\\kabadiwala\\src\\components\\header.tsx"
2025-12-05T20:30:24.623127Z  INFO scan_sources: tailwindcss_oxide::scanner: Discovering "E:\\kabadiwala\\src\\components\\ui"
2025-12-05T20:30:24.623222Z  INFO scan_sources: tailwindcss_oxide::scanner: Discovering "E:\\kabadiwala\\src\\components\\ui\\avatar.tsx"
2025-12-05T20:30:24.623267Z  INFO scan_sources: tailwindcss_oxide::scanner: Discovering "E:\\kabadiwala\\src\\components\\ui\\badge.tsx"
2025-12-05T20:30:24.623313Z  INFO scan_sources: tailwindcss_oxide::scanner: Discovering "E:\\kabadiwala\\src\\components\\ui\\button.tsx"
2025-12-05T20:30:24.623355Z  INFO scan_sources: tailwindcss_oxide::scanner: Discovering "E:\\kabadiwala\\src\\components\\ui\\card.tsx"
2025-12-05T20:30:24.623397Z  INFO scan_sources: tailwindcss_oxide::scanner: Discovering "E:\\kabadiwala\\src\\components\\ui\\dialog.tsx"
2025-12-05T20:30:24.623440Z  INFO scan_sources: tailwindcss_oxide::scanner: Discovering "E:\\kabadiwala\\src\\components\\ui\\dropdown-menu.tsx"
2025-12-05T20:30:24.623484Z  INFO scan_sources: tailwindcss_oxide::scanner: Discovering "E:\\kabadiwala\\src\\components\\ui\\form.tsx"
2025-12-05T20:30:24.623534Z  INFO scan_sources: tailwindcss_oxide::scanner: Discovering "E:\\kabadiwala\\src\\components\\ui\\input.tsx"
2025-12-05T20:30:24.623595Z  INFO scan_sources: tailwindcss_oxide::scanner: Discovering "E:\\kabadiwala\\src\\components\\ui\\label.tsx"
2025-12-05T20:30:24.623695Z  INFO scan_sources: tailwindcss_oxide::scanner: Discovering "E:\\kabadiwala\\src\\components\\ui\\select.tsx"
2025-12-05T20:30:24.623740Z  INFO scan_sources: tailwindcss_oxide::scanner: Discovering "E:\\kabadiwala\\src\\components\\ui\\sheet.tsx"
2025-12-05T20:30:24.623782Z  INFO scan_sources: tailwindcss_oxide::scanner: Discovering "E:\\kabadiwala\\src\\components\\ui\\sonner.tsx"
2025-12-05T20:30:24.623824Z  INFO scan_sources: tailwindcss_oxide::scanner: Discovering "E:\\kabadiwala\\src\\components\\ui\\tabs.tsx"
2025-12-05T20:30:24.623869Z  INFO scan_sources: tailwindcss_oxide::scanner: Discovering "E:\\kabadiwala\\src\\components\\ui\\textarea.tsx"
2025-12-05T20:30:24.623974Z  INFO scan_sources: tailwindcss_oxide::scanner: Discovering "E:\\kabadiwala\\src\\lib"
2025-12-05T20:30:24.624060Z  INFO scan_sources: tailwindcss_oxide::scanner: Discovering "E:\\kabadiwala\\src\\lib\\db.ts"
2025-12-05T20:30:24.624104Z  INFO scan_sources: tailwindcss_oxide::scanner: Discovering "E:\\kabadiwala\\src\\lib\\security.ts"
2025-12-05T20:30:24.624148Z  INFO scan_sources: tailwindcss_oxide::scanner: Discovering "E:\\kabadiwala\\src\\lib\\utils.ts"
2025-12-05T20:30:24.624201Z  INFO scan_sources: tailwindcss_oxide::scanner: Discovering "E:\\kabadiwala\\src\\middleware.ts"
2025-12-05T20:30:24.624277Z  INFO scan_sources: tailwindcss_oxide::scanner: Discovering "E:\\kabadiwala\\src\\types"
2025-12-05T20:30:24.624358Z  INFO scan_sources: tailwindcss_oxide::scanner: Discovering "E:\\kabadiwala\\src\\types\\next-auth.d.ts"
2025-12-05T20:30:24.624445Z  INFO scan_sources: tailwindcss_oxide::scanner: Discovering "E:\\kabadiwala\\tsconfig.json"
2025-12-05T20:30:24.624539Z  INFO scan_sources: tailwindcss_oxide::scanner: exit
2025-12-05T20:30:24.624547Z  INFO extract_candidates: tailwindcss_oxide::scanner: enter
2025-12-05T20:30:24.624554Z  INFO extract_candidates:read_all_files: tailwindcss_oxide::scanner: enter
2025-12-05T20:30:24.624557Z  INFO extract_candidates:read_all_files: tailwindcss_oxide::scanner: Reading 67 file(s)
2025-12-05T20:30:24.625128Z  INFO tailwindcss_oxide::scanner: Reading "E:\\kabadiwala\\components.json"
2025-12-05T20:30:24.625182Z  INFO tailwindcss_oxide::scanner: Reading "E:\\kabadiwala\\src\\app\\chat\\[id]\\page.tsx"
2025-12-05T20:30:24.625305Z  INFO tailwindcss_oxide::scanner: Reading "E:\\kabadiwala\\src\\app\\dashboard\\page.tsx"
2025-12-05T20:30:24.625391Z  INFO tailwindcss_oxide::scanner: Reading "E:\\kabadiwala\\src\\app\\kabadiwala\\dashboard\\page.tsx"
2025-12-05T20:30:24.625418Z  INFO tailwindcss_oxide::scanner: Reading "E:\\kabadiwala\\create_env.js"
2025-12-05T20:30:24.625428Z  INFO tailwindcss_oxide::scanner: Reading "E:\\kabadiwala\\src\\components\\ui\\card.tsx"
2025-12-05T20:30:24.625451Z  INFO tailwindcss_oxide::scanner: Reading "E:\\kabadiwala\\src\\app\\kabadiwala\\profile\\page.tsx"
2025-12-05T20:30:24.625512Z  INFO tailwindcss_oxide::scanner: Reading "E:\\kabadiwala\\src\\app\\profile\\page.tsx"
2025-12-05T20:30:24.625630Z  INFO tailwindcss_oxide::scanner: Reading "E:\\kabadiwala\\src\\app\\layout.tsx"
2025-12-05T20:30:24.625662Z  INFO tailwindcss_oxide::scanner: Reading "E:\\kabadiwala\\src\\components\\ui\\dialog.tsx"
2025-12-05T20:30:24.625689Z  INFO tailwindcss_oxide::scanner: Reading "E:\\kabadiwala\\src\\app\\login\\page.tsx"
2025-12-05T20:30:24.625717Z  INFO tailwindcss_oxide::scanner: Reading "E:\\kabadiwala\\src\\app\\market\\page.tsx"
2025-12-05T20:30:24.625747Z  INFO tailwindcss_oxide::scanner: Reading "E:\\kabadiwala\\src\\app\\page.tsx"
2025-12-05T20:30:24.625777Z  INFO tailwindcss_oxide::scanner: Reading "E:\\kabadiwala\\src\\app\\register\\page.tsx"
2025-12-05T20:30:24.625799Z  INFO tailwindcss_oxide::scanner: Reading "E:\\kabadiwala\\package.json"
2025-12-05T20:30:24.625810Z  INFO tailwindcss_oxide::scanner: Reading "E:\\kabadiwala\\src\\components\\ui\\dropdown-menu.tsx"
2025-12-05T20:30:24.625840Z  INFO tailwindcss_oxide::scanner: Reading "E:\\kabadiwala\\eslint.config.mjs"
2025-12-05T20:30:24.625845Z  INFO tailwindcss_oxide::scanner: Reading "E:\\kabadiwala\\src\\app\\reviews\\[orderId]\\page.tsx"
2025-12-05T20:30:24.625855Z  INFO tailwindcss_oxide::scanner: Reading "E:\\kabadiwala\\postcss.config.mjs"
2025-12-05T20:30:24.625847Z  INFO tailwindcss_oxide::scanner: Reading "E:\\kabadiwala\\public\\file.svg"
2025-12-05T20:30:24.625862Z  INFO tailwindcss_oxide::scanner: Reading "E:\\kabadiwala\\src\\app\\api\\auth\\login\\route.ts"
2025-12-05T20:30:24.625900Z  INFO tailwindcss_oxide::scanner: Reading "E:\\kabadiwala\\prisma\\schema.prisma"
2025-12-05T20:30:24.625914Z  INFO tailwindcss_oxide::scanner: Reading "E:\\kabadiwala\\src\\auth.config.ts"
2025-12-05T20:30:24.625926Z  INFO tailwindcss_oxide::scanner: Reading "E:\\kabadiwala\\next.config.ts"
2025-12-05T20:30:24.625931Z  INFO tailwindcss_oxide::scanner: Reading "E:\\kabadiwala\\src\\components\\ui\\form.tsx"
2025-12-05T20:30:24.625961Z  INFO tailwindcss_oxide::scanner: Reading "E:\\kabadiwala\\prisma\\seed.ts"
2025-12-05T20:30:24.625967Z  INFO tailwindcss_oxide::scanner: Reading "E:\\kabadiwala\\src\\auth.ts"
2025-12-05T20:30:24.625967Z  INFO tailwindcss_oxide::scanner: Reading "E:\\kabadiwala\\public\\globe.svg"
2025-12-05T20:30:24.625977Z  INFO tailwindcss_oxide::scanner: Reading "E:\\kabadiwala\\public\\vercel.svg"
2025-12-05T20:30:24.625987Z  INFO tailwindcss_oxide::scanner: Reading "E:\\kabadiwala\\src\\app\\api\\auth\\register\\route.ts"
2025-12-05T20:30:24.626003Z  INFO tailwindcss_oxide::scanner: Reading "E:\\kabadiwala\\src\\components\\ui\\sonner.tsx"
2025-12-05T20:30:24.626020Z  INFO tailwindcss_oxide::scanner: Reading "E:\\kabadiwala\\src\\components\\header.tsx"
2025-12-05T20:30:24.626027Z  INFO tailwindcss_oxide::scanner: Reading "E:\\kabadiwala\\public\\window.svg"
2025-12-05T20:30:24.626034Z  INFO tailwindcss_oxide::scanner: Reading "E:\\kabadiwala\\src\\components\\ui\\input.tsx"
2025-12-05T20:30:24.626050Z  INFO tailwindcss_oxide::scanner: Reading "E:\\kabadiwala\\src\\components\\ui\\tabs.tsx"
2025-12-05T20:30:24.626072Z  INFO tailwindcss_oxide::scanner: Reading "E:\\kabadiwala\\src\\components\\ui\\avatar.tsx"
2025-12-05T20:30:24.626077Z  INFO tailwindcss_oxide::scanner: Reading "E:\\kabadiwala\\README.md"
2025-12-05T20:30:24.626094Z  INFO tailwindcss_oxide::scanner: Reading "E:\\kabadiwala\\src\\components\\ui\\textarea.tsx"
2025-12-05T20:30:24.626095Z  INFO tailwindcss_oxide::scanner: Reading "E:\\kabadiwala\\src\\app\\api\\auth\\[...nextauth]\\route.ts"
2025-12-05T20:30:24.626119Z  INFO tailwindcss_oxide::scanner: Reading "E:\\kabadiwala\\src\\components\\ui\\badge.tsx"
2025-12-05T20:30:24.626120Z  INFO tailwindcss_oxide::scanner: Reading "E:\\kabadiwala\\public\\manifest.json"
2025-12-05T20:30:24.626131Z  INFO tailwindcss_oxide::scanner: Reading "E:\\kabadiwala\\seed.ts"
2025-12-05T20:30:24.626144Z  INFO tailwindcss_oxide::scanner: Reading "E:\\kabadiwala\\src\\components\\ui\\label.tsx"
2025-12-05T20:30:24.626156Z  INFO tailwindcss_oxide::scanner: Reading "E:\\kabadiwala\\src\\lib\\db.ts"
2025-12-05T20:30:24.626161Z  INFO tailwindcss_oxide::scanner: Reading "E:\\kabadiwala\\src\\components\\ui\\button.tsx"
2025-12-05T20:30:24.626176Z  INFO tailwindcss_oxide::scanner: Reading "E:\\kabadiwala\\src\\lib\\security.ts"
2025-12-05T20:30:24.626205Z  INFO tailwindcss_oxide::scanner: Reading "E:\\kabadiwala\\src\\app\\api\\chat\\report\\route.ts"
2025-12-05T20:30:24.626208Z  INFO tailwindcss_oxide::scanner: Reading "E:\\kabadiwala\\src\\app\\api\\orders\\route.ts"
2025-12-05T20:30:24.626210Z  INFO tailwindcss_oxide::scanner: Reading "E:\\kabadiwala\\src\\middleware.ts"
2025-12-05T20:30:24.626221Z  INFO tailwindcss_oxide::scanner: Reading "E:\\kabadiwala\\public\\next.svg"
2025-12-05T20:30:24.626228Z  INFO tailwindcss_oxide::scanner: Reading "E:\\kabadiwala\\src\\lib\\utils.ts"
2025-12-05T20:30:24.626261Z  INFO tailwindcss_oxide::scanner: Reading "E:\\kabadiwala\\src\\components\\ui\\select.tsx"
2025-12-05T20:30:24.626273Z  INFO tailwindcss_oxide::scanner: Reading "E:\\kabadiwala\\src\\app\\api\\profile\\addresses\\route.ts"
2025-12-05T20:30:24.626273Z  INFO tailwindcss_oxide::scanner: Reading "E:\\kabadiwala\\src\\types\\next-auth.d.ts"
2025-12-05T20:30:24.626280Z  INFO tailwindcss_oxide::scanner: Reading "E:\\kabadiwala\\src\\app\\api\\kabadiwala\\profile\\route.ts"
2025-12-05T20:30:24.626318Z  INFO tailwindcss_oxide::scanner: Reading "E:\\kabadiwala\\src\\app\\api\\chat\\[id]\\read\\route.ts"
2025-12-05T20:30:24.626331Z  INFO tailwindcss_oxide::scanner: Reading "E:\\kabadiwala\\src\\app\\api\\profile\\addresses\\[id]\\default\\route.ts"
2025-12-05T20:30:24.626331Z  INFO tailwindcss_oxide::scanner: Reading "E:\\kabadiwala\\src\\app\\api\\kabadiwala\\[id]\\route.ts"
2025-12-05T20:30:24.626334Z  INFO tailwindcss_oxide::scanner: Reading "E:\\kabadiwala\\tsconfig.json"
2025-12-05T20:30:24.626335Z  INFO tailwindcss_oxide::scanner: Reading "E:\\kabadiwala\\src\\app\\api\\profile\\favorites\\[id]\\route.ts"
2025-12-05T20:30:24.626370Z  INFO tailwindcss_oxide::scanner: Reading "E:\\kabadiwala\\src\\components\\ui\\sheet.tsx"
2025-12-05T20:30:24.626375Z  INFO tailwindcss_oxide::scanner: Reading "E:\\kabadiwala\\src\\app\\api\\profile\\addresses\\[id]\\route.ts"
2025-12-05T20:30:24.626386Z  INFO tailwindcss_oxide::scanner: Reading "E:\\kabadiwala\\src\\app\\api\\reviews\\[orderId]\\route.ts"
2025-12-05T20:30:24.626400Z  INFO tailwindcss_oxide::scanner: Reading "E:\\kabadiwala\\src\\app\\api\\profile\\route.ts"
2025-12-05T20:30:24.626420Z  INFO tailwindcss_oxide::scanner: Reading "E:\\kabadiwala\\src\\app\\api\\chat\\[id]\\route.ts"
2025-12-05T20:30:24.626443Z  INFO tailwindcss_oxide::scanner: Reading "E:\\kabadiwala\\src\\app\\book\\[kabadiwalaId]\\page.tsx"
2025-12-05T20:30:24.626478Z  INFO tailwindcss_oxide::scanner: Reading "E:\\kabadiwala\\src\\app\\chat\\page.tsx"
2025-12-05T20:30:24.626560Z  INFO extract_candidates:read_all_files: tailwindcss_oxide::scanner: exit
2025-12-05T20:30:24.626578Z  INFO extract_candidates:parse_all_blobs: tailwindcss_oxide::scanner: enter
2025-12-05T20:30:24.626583Z  INFO extract_candidates:parse_all_blobs:extract: tailwindcss_oxide::scanner: enter
2025-12-05T20:30:24.628258Z  INFO extract_candidates:parse_all_blobs:extract: tailwindcss_oxide::scanner: exit
2025-12-05T20:30:24.628291Z  INFO extract_candidates:parse_all_blobs: tailwindcss_oxide::scanner: exit
2025-12-05T20:30:24.628298Z  INFO extract_candidates:read_all_files: tailwindcss_oxide::scanner: enter
2025-12-05T20:30:24.628300Z  INFO extract_candidates:read_all_files: tailwindcss_oxide::scanner: Reading 1 file(s)
2025-12-05T20:30:24.628413Z  INFO extract_candidates:read_all_files: tailwindcss_oxide::scanner: Reading "E:\\kabadiwala\\src\\app\\globals.css"
2025-12-05T20:30:24.628422Z  INFO extract_candidates:read_all_files: tailwindcss_oxide::scanner: exit
2025-12-05T20:30:24.628428Z  INFO extract_candidates:extract_css_variables: tailwindcss_oxide::scanner: enter
2025-12-05T20:30:24.628431Z  INFO extract_candidates:extract_css_variables:extract: tailwindcss_oxide::scanner: enter
2025-12-05T20:30:24.628575Z  INFO extract_candidates:extract_css_variables:extract: tailwindcss_oxide::scanner: exit
2025-12-05T20:30:24.628595Z  INFO extract_candidates:extract_css_variables: tailwindcss_oxide::scanner: exit
2025-12-05T20:30:24.629654Z  INFO extract_candidates: tailwindcss_oxide::scanner: exit
2025-12-05T20:30:24.630505Z  INFO get_files: tailwindcss_oxide::scanner: enter
2025-12-05T20:30:24.630516Z  INFO get_files:scan_sources: tailwindcss_oxide::scanner: enter
2025-12-05T20:30:24.631798Z  INFO get_files:scan_sources: tailwindcss_oxide::scanner: Discovering "E:\\kabadiwala\\prisma"
2025-12-05T20:30:24.631978Z  INFO get_files:scan_sources: tailwindcss_oxide::scanner: Discovering "E:\\kabadiwala\\public"
2025-12-05T20:30:24.632273Z  INFO get_files:scan_sources: tailwindcss_oxide::scanner: Discovering "E:\\kabadiwala\\src"
2025-12-05T20:30:24.632380Z  INFO get_files:scan_sources: tailwindcss_oxide::scanner: Discovering "E:\\kabadiwala\\src\\app"
2025-12-05T20:30:24.632501Z  INFO get_files:scan_sources: tailwindcss_oxide::scanner: Discovering "E:\\kabadiwala\\src\\app\\api"
2025-12-05T20:30:24.632607Z  INFO get_files:scan_sources: tailwindcss_oxide::scanner: Discovering "E:\\kabadiwala\\src\\app\\api\\auth"
2025-12-05T20:30:24.632710Z  INFO get_files:scan_sources: tailwindcss_oxide::scanner: Discovering "E:\\kabadiwala\\src\\app\\api\\auth\\login"
2025-12-05T20:30:24.632846Z  INFO get_files:scan_sources: tailwindcss_oxide::scanner: Discovering "E:\\kabadiwala\\src\\app\\api\\auth\\register"
2025-12-05T20:30:24.632983Z  INFO get_files:scan_sources: tailwindcss_oxide::scanner: Discovering "E:\\kabadiwala\\src\\app\\api\\auth\\[...nextauth]"
2025-12-05T20:30:24.633135Z  INFO get_files:scan_sources: tailwindcss_oxide::scanner: Discovering "E:\\kabadiwala\\src\\app\\api\\chat"
2025-12-05T20:30:24.633233Z  INFO get_files:scan_sources: tailwindcss_oxide::scanner: Discovering "E:\\kabadiwala\\src\\app\\api\\chat\\report"
2025-12-05T20:30:24.633363Z  INFO get_files:scan_sources: tailwindcss_oxide::scanner: Discovering "E:\\kabadiwala\\src\\app\\api\\chat\\[id]"
2025-12-05T20:30:24.633462Z  INFO get_files:scan_sources: tailwindcss_oxide::scanner: Discovering "E:\\kabadiwala\\src\\app\\api\\chat\\[id]\\read"
2025-12-05T20:30:24.633639Z  INFO get_files:scan_sources: tailwindcss_oxide::scanner: Discovering "E:\\kabadiwala\\src\\app\\api\\kabadiwala"
2025-12-05T20:30:24.633739Z  INFO get_files:scan_sources: tailwindcss_oxide::scanner: Discovering "E:\\kabadiwala\\src\\app\\api\\kabadiwala\\profile"
2025-12-05T20:30:24.633872Z  INFO get_files:scan_sources: tailwindcss_oxide::scanner: Discovering "E:\\kabadiwala\\src\\app\\api\\kabadiwala\\[id]"
2025-12-05T20:30:24.634016Z  INFO get_files:scan_sources: tailwindcss_oxide::scanner: Discovering "E:\\kabadiwala\\src\\app\\api\\orders"
2025-12-05T20:30:24.634146Z  INFO get_files:scan_sources: tailwindcss_oxide::scanner: Discovering "E:\\kabadiwala\\src\\app\\api\\profile"
2025-12-05T20:30:24.634246Z  INFO get_files:scan_sources: tailwindcss_oxide::scanner: Discovering "E:\\kabadiwala\\src\\app\\api\\profile\\addresses"
2025-12-05T20:30:24.634384Z  INFO get_files:scan_sources: tailwindcss_oxide::scanner: Discovering "E:\\kabadiwala\\src\\app\\api\\profile\\addresses\\[id]"
2025-12-05T20:30:24.634500Z  INFO get_files:scan_sources: tailwindcss_oxide::scanner: Discovering "E:\\kabadiwala\\src\\app\\api\\profile\\addresses\\[id]\\default"
2025-12-05T20:30:24.634685Z  INFO get_files:scan_sources: tailwindcss_oxide::scanner: Discovering "E:\\kabadiwala\\src\\app\\api\\profile\\favorites"
2025-12-05T20:30:24.634801Z  INFO get_files:scan_sources: tailwindcss_oxide::scanner: Discovering "E:\\kabadiwala\\src\\app\\api\\profile\\favorites\\[id]"
2025-12-05T20:30:24.634989Z  INFO get_files:scan_sources: tailwindcss_oxide::scanner: Discovering "E:\\kabadiwala\\src\\app\\api\\reviews"
2025-12-05T20:30:24.635095Z  INFO get_files:scan_sources: tailwindcss_oxide::scanner: Discovering "E:\\kabadiwala\\src\\app\\api\\reviews\\[orderId]"
2025-12-05T20:30:24.635264Z  INFO get_files:scan_sources: tailwindcss_oxide::scanner: Discovering "E:\\kabadiwala\\src\\app\\book"
2025-12-05T20:30:24.635366Z  INFO get_files:scan_sources: tailwindcss_oxide::scanner: Discovering "E:\\kabadiwala\\src\\app\\book\\[kabadiwalaId]"
2025-12-05T20:30:24.635508Z  INFO get_files:scan_sources: tailwindcss_oxide::scanner: Discovering "E:\\kabadiwala\\src\\app\\chat"
2025-12-05T20:30:24.635627Z  INFO get_files:scan_sources: tailwindcss_oxide::scanner: Discovering "E:\\kabadiwala\\src\\app\\chat\\[id]"
2025-12-05T20:30:24.635770Z  INFO get_files:scan_sources: tailwindcss_oxide::scanner: Discovering "E:\\kabadiwala\\src\\app\\dashboard"
2025-12-05T20:30:24.635926Z  INFO get_files:scan_sources: tailwindcss_oxide::scanner: Discovering "E:\\kabadiwala\\src\\app\\kabadiwala"
2025-12-05T20:30:24.636026Z  INFO get_files:scan_sources: tailwindcss_oxide::scanner: Discovering "E:\\kabadiwala\\src\\app\\kabadiwala\\dashboard"
2025-12-05T20:30:24.636178Z  INFO get_files:scan_sources: tailwindcss_oxide::scanner: Discovering "E:\\kabadiwala\\src\\app\\kabadiwala\\profile"
2025-12-05T20:30:24.636350Z  INFO get_files:scan_sources: tailwindcss_oxide::scanner: Discovering "E:\\kabadiwala\\src\\app\\login"
2025-12-05T20:30:24.636480Z  INFO get_files:scan_sources: tailwindcss_oxide::scanner: Discovering "E:\\kabadiwala\\src\\app\\market"
2025-12-05T20:30:24.636633Z  INFO get_files:scan_sources: tailwindcss_oxide::scanner: Discovering "E:\\kabadiwala\\src\\app\\profile"
2025-12-05T20:30:24.636763Z  INFO get_files:scan_sources: tailwindcss_oxide::scanner: Discovering "E:\\kabadiwala\\src\\app\\register"
2025-12-05T20:30:24.636892Z  INFO get_files:scan_sources: tailwindcss_oxide::scanner: Discovering "E:\\kabadiwala\\src\\app\\reviews"
2025-12-05T20:30:24.636989Z  INFO get_files:scan_sources: tailwindcss_oxide::scanner: Discovering "E:\\kabadiwala\\src\\app\\reviews\\[orderId]"
2025-12-05T20:30:24.637198Z  INFO get_files:scan_sources: tailwindcss_oxide::scanner: Discovering "E:\\kabadiwala\\src\\components"
2025-12-05T20:30:24.637339Z  INFO get_files:scan_sources: tailwindcss_oxide::scanner: Discovering "E:\\kabadiwala\\src\\components\\ui"
2025-12-05T20:30:24.637792Z  INFO get_files:scan_sources: tailwindcss_oxide::scanner: Discovering "E:\\kabadiwala\\src\\lib"
2025-12-05T20:30:24.637995Z  INFO get_files:scan_sources: tailwindcss_oxide::scanner: Discovering "E:\\kabadiwala\\src\\types"
2025-12-05T20:30:24.638194Z  INFO get_files:scan_sources: tailwindcss_oxide::scanner: exit
2025-12-05T20:30:24.638399Z  INFO get_files: tailwindcss_oxide::scanner: exit
2025-12-05T20:30:24.638778Z  INFO get_globs: tailwindcss_oxide::scanner: enter
2025-12-05T20:30:24.638787Z  INFO get_globs:scan_sources: tailwindcss_oxide::scanner: enter
2025-12-05T20:30:24.640010Z  INFO get_globs:scan_sources: tailwindcss_oxide::scanner: Discovering "E:\\kabadiwala\\prisma"
2025-12-05T20:30:24.640227Z  INFO get_globs:scan_sources: tailwindcss_oxide::scanner: Discovering "E:\\kabadiwala\\public"
2025-12-05T20:30:24.640588Z  INFO get_globs:scan_sources: tailwindcss_oxide::scanner: Discovering "E:\\kabadiwala\\src"
2025-12-05T20:30:24.640716Z  INFO get_globs:scan_sources: tailwindcss_oxide::scanner: Discovering "E:\\kabadiwala\\src\\app"
2025-12-05T20:30:24.640831Z  INFO get_globs:scan_sources: tailwindcss_oxide::scanner: Discovering "E:\\kabadiwala\\src\\app\\api"
2025-12-05T20:30:24.640967Z  INFO get_globs:scan_sources: tailwindcss_oxide::scanner: Discovering "E:\\kabadiwala\\src\\app\\api\\auth"
2025-12-05T20:30:24.641098Z  INFO get_globs:scan_sources: tailwindcss_oxide::scanner: Discovering "E:\\kabadiwala\\src\\app\\api\\auth\\login"
2025-12-05T20:30:24.641245Z  INFO get_globs:scan_sources: tailwindcss_oxide::scanner: Discovering "E:\\kabadiwala\\src\\app\\api\\auth\\register"
2025-12-05T20:30:24.641387Z  INFO get_globs:scan_sources: tailwindcss_oxide::scanner: Discovering "E:\\kabadiwala\\src\\app\\api\\auth\\[...nextauth]"
2025-12-05T20:30:24.641540Z  INFO get_globs:scan_sources: tailwindcss_oxide::scanner: Discovering "E:\\kabadiwala\\src\\app\\api\\chat"
2025-12-05T20:30:24.641693Z  INFO get_globs:scan_sources: tailwindcss_oxide::scanner: Discovering "E:\\kabadiwala\\src\\app\\api\\chat\\report"
2025-12-05T20:30:24.641830Z  INFO get_globs:scan_sources: tailwindcss_oxide::scanner: Discovering "E:\\kabadiwala\\src\\app\\api\\chat\\[id]"
2025-12-05T20:30:24.641933Z  INFO get_globs:scan_sources: tailwindcss_oxide::scanner: Discovering "E:\\kabadiwala\\src\\app\\api\\chat\\[id]\\read"
2025-12-05T20:30:24.642114Z  INFO get_globs:scan_sources: tailwindcss_oxide::scanner: Discovering "E:\\kabadiwala\\src\\app\\api\\kabadiwala"
2025-12-05T20:30:24.642215Z  INFO get_globs:scan_sources: tailwindcss_oxide::scanner: Discovering "E:\\kabadiwala\\src\\app\\api\\kabadiwala\\profile"
2025-12-05T20:30:24.642352Z  INFO get_globs:scan_sources: tailwindcss_oxide::scanner: Discovering "E:\\kabadiwala\\src\\app\\api\\kabadiwala\\[id]"
2025-12-05T20:30:24.642525Z  INFO get_globs:scan_sources: tailwindcss_oxide::scanner: Discovering "E:\\kabadiwala\\src\\app\\api\\orders"
2025-12-05T20:30:24.642658Z  INFO get_globs:scan_sources: tailwindcss_oxide::scanner: Discovering "E:\\kabadiwala\\src\\app\\api\\profile"
2025-12-05T20:30:24.642758Z  INFO get_globs:scan_sources: tailwindcss_oxide::scanner: Discovering "E:\\kabadiwala\\src\\app\\api\\profile\\addresses"
2025-12-05T20:30:24.642885Z  INFO get_globs:scan_sources: tailwindcss_oxide::scanner: Discovering "E:\\kabadiwala\\src\\app\\api\\profile\\addresses\\[id]"
2025-12-05T20:30:24.642987Z  INFO get_globs:scan_sources: tailwindcss_oxide::scanner: Discovering "E:\\kabadiwala\\src\\app\\api\\profile\\addresses\\[id]\\default"
2025-12-05T20:30:24.643184Z  INFO get_globs:scan_sources: tailwindcss_oxide::scanner: Discovering "E:\\kabadiwala\\src\\app\\api\\profile\\favorites"
2025-12-05T20:30:24.643287Z  INFO get_globs:scan_sources: tailwindcss_oxide::scanner: Discovering "E:\\kabadiwala\\src\\app\\api\\profile\\favorites\\[id]"
2025-12-05T20:30:24.643464Z  INFO get_globs:scan_sources: tailwindcss_oxide::scanner: Discovering "E:\\kabadiwala\\src\\app\\api\\reviews"
2025-12-05T20:30:24.643562Z  INFO get_globs:scan_sources: tailwindcss_oxide::scanner: Discovering "E:\\kabadiwala\\src\\app\\api\\reviews\\[orderId]"
2025-12-05T20:30:24.643723Z  INFO get_globs:scan_sources: tailwindcss_oxide::scanner: Discovering "E:\\kabadiwala\\src\\app\\book"
2025-12-05T20:30:24.643822Z  INFO get_globs:scan_sources: tailwindcss_oxide::scanner: Discovering "E:\\kabadiwala\\src\\app\\book\\[kabadiwalaId]"
2025-12-05T20:30:24.643966Z  INFO get_globs:scan_sources: tailwindcss_oxide::scanner: Discovering "E:\\kabadiwala\\src\\app\\chat"
2025-12-05T20:30:24.644085Z  INFO get_globs:scan_sources: tailwindcss_oxide::scanner: Discovering "E:\\kabadiwala\\src\\app\\chat\\[id]"
2025-12-05T20:30:24.644265Z  INFO get_globs:scan_sources: tailwindcss_oxide::scanner: Discovering "E:\\kabadiwala\\src\\app\\dashboard"
2025-12-05T20:30:24.644427Z  INFO get_globs:scan_sources: tailwindcss_oxide::scanner: Discovering "E:\\kabadiwala\\src\\app\\kabadiwala"
2025-12-05T20:30:24.644527Z  INFO get_globs:scan_sources: tailwindcss_oxide::scanner: Discovering "E:\\kabadiwala\\src\\app\\kabadiwala\\dashboard"
2025-12-05T20:30:24.644661Z  INFO get_globs:scan_sources: tailwindcss_oxide::scanner: Discovering "E:\\kabadiwala\\src\\app\\kabadiwala\\profile"
2025-12-05T20:30:24.644828Z  INFO get_globs:scan_sources: tailwindcss_oxide::scanner: Discovering "E:\\kabadiwala\\src\\app\\login"
2025-12-05T20:30:24.644959Z  INFO get_globs:scan_sources: tailwindcss_oxide::scanner: Discovering "E:\\kabadiwala\\src\\app\\market"
2025-12-05T20:30:24.645124Z  INFO get_globs:scan_sources: tailwindcss_oxide::scanner: Discovering "E:\\kabadiwala\\src\\app\\profile"
2025-12-05T20:30:24.645255Z  INFO get_globs:scan_sources: tailwindcss_oxide::scanner: Discovering "E:\\kabadiwala\\src\\app\\register"
2025-12-05T20:30:24.645384Z  INFO get_globs:scan_sources: tailwindcss_oxide::scanner: Discovering "E:\\kabadiwala\\src\\app\\reviews"
2025-12-05T20:30:24.645482Z  INFO get_globs:scan_sources: tailwindcss_oxide::scanner: Discovering "E:\\kabadiwala\\src\\app\\reviews\\[orderId]"
2025-12-05T20:30:24.645686Z  INFO get_globs:scan_sources: tailwindcss_oxide::scanner: Discovering "E:\\kabadiwala\\src\\components"
2025-12-05T20:30:24.645816Z  INFO get_globs:scan_sources: tailwindcss_oxide::scanner: Discovering "E:\\kabadiwala\\src\\components\\ui"
2025-12-05T20:30:24.646242Z  INFO get_globs:scan_sources: tailwindcss_oxide::scanner: Discovering "E:\\kabadiwala\\src\\lib"
2025-12-05T20:30:24.646441Z  INFO get_globs:scan_sources: tailwindcss_oxide::scanner: Discovering "E:\\kabadiwala\\src\\types"
2025-12-05T20:30:24.646637Z  INFO get_globs:scan_sources: tailwindcss_oxide::scanner: exit
2025-12-05T20:30:24.651169Z  INFO get_globs: tailwindcss_oxide::scanner: exit
